0 info it worked if it ends with ok
1 verbose cli [ '/usr/local/bin/node', '/usr/local/bin/npm', 'start' ]
2 info using npm@3.10.3
3 info using node@v4.4.5
4 verbose run-script [ 'prestart', 'start', 'poststart' ]
5 info lifecycle vs-frontdnd@1.0.0~prestart: vs-frontdnd@1.0.0
6 silly lifecycle vs-frontdnd@1.0.0~prestart: no script for prestart, continuing
7 info lifecycle vs-frontdnd@1.0.0~start: vs-frontdnd@1.0.0
8 verbose lifecycle vs-frontdnd@1.0.0~start: unsafe-perm in lifecycle true
9 verbose lifecycle vs-frontdnd@1.0.0~start: PATH: /usr/local/lib/node_modules/npm/bin/node-gyp-bin:/Users/shenxinxu/projects/vs-frontend/node_modules/.bin:/usr/local/bin:/Users/shenxinxu/.rvm/gems/ruby-2.3.0/bin:/Users/shenxinxu/.rvm/gems/ruby-2.3.0@global/bin:/Users/shenxinxu/.rvm/rubies/ruby-2.3.0/bin:/usr/local/bin:/usr/bin:/bin:/usr/sbin:/sbin:/Users/shenxinxu/.rvm/bin
10 verbose lifecycle vs-frontdnd@1.0.0~start: CWD: /Users/shenxinxu/projects/vs-frontend
11 silly lifecycle vs-frontdnd@1.0.0~start: Args: [ '-c',
11 silly lifecycle   'webpack-dev-server --content-base ./dist --hot --progress --colors' ]
12 silly lifecycle vs-frontdnd@1.0.0~start: Returned: code: 1  signal: null
13 info lifecycle vs-frontdnd@1.0.0~start: Failed to exec start script
14 verbose stack Error: vs-frontdnd@1.0.0 start: `webpack-dev-server --content-base ./dist --hot --progress --colors`
14 verbose stack Exit status 1
14 verbose stack     at EventEmitter.<anonymous> (/usr/local/lib/node_modules/npm/lib/utils/lifecycle.js:242:16)
14 verbose stack     at emitTwo (events.js:87:13)
14 verbose stack     at EventEmitter.emit (events.js:172:7)
14 verbose stack     at ChildProcess.<anonymous> (/usr/local/lib/node_modules/npm/lib/utils/spawn.js:40:14)
14 verbose stack     at emitTwo (events.js:87:13)
14 verbose stack     at ChildProcess.emit (events.js:172:7)
14 verbose stack     at maybeClose (internal/child_process.js:827:16)
14 verbose stack     at Process.ChildProcess._handle.onexit (internal/child_process.js:211:5)
15 verbose pkgid vs-frontdnd@1.0.0
16 verbose cwd /Users/shenxinxu/projects/vs-frontend
17 error Darwin 15.5.0
18 error argv "/usr/local/bin/node" "/usr/local/bin/npm" "start"
19 error node v4.4.5
20 error npm  v3.10.3
21 error code ELIFECYCLE
22 error vs-frontdnd@1.0.0 start: `webpack-dev-server --content-base ./dist --hot --progress --colors`
22 error Exit status 1
23 error Failed at the vs-frontdnd@1.0.0 start script 'webpack-dev-server --content-base ./dist --hot --progress --colors'.
23 error Make sure you have the latest version of node.js and npm installed.
23 error If you do, this is most likely a problem with the vs-frontdnd package,
23 error not with npm itself.
23 error Tell the author that this fails on your system:
23 error     webpack-dev-server --content-base ./dist --hot --progress --colors
23 error You can get information on how to open an issue for this project with:
23 error     npm bugs vs-frontdnd
23 error Or if that isn't available, you can get their info via:
23 error     npm owner ls vs-frontdnd
23 error There is likely additional logging output above.
24 verbose exit [ 1, true ]
